2019-09-21 08:11:15,320 - puchikarui.puchikarui - WARNING - WARNING: Bad database design detected (Table: meta (['key', 'value'])
2019-09-21 08:11:15,321 - puchikarui.puchikarui - WARNING - WARNING: Bad database design detected (Table: Entry (['idseq'])
2019-09-21 08:11:15,321 - puchikarui.puchikarui - WARNING - WARNING: Bad database design detected (Table: Link (['ID', 'idseq', 'tag', 'desc', 'uri'])
2019-09-21 08:11:15,321 - puchikarui.puchikarui - WARNING - WARNING: Bad database design detected (Table: Bib (['ID', 'idseq', 'tag', 'text'])
2019-09-21 08:11:15,321 - puchikarui.puchikarui - WARNING - WARNING: Bad database design detected (Table: Etym (['idseq', 'text'])
2019-09-21 08:11:15,322 - puchikarui.puchikarui - WARNING - WARNING: Bad database design detected (Table: Audit (['idseq', 'upd_date', 'upd_detl'])
2019-09-21 08:11:15,322 - puchikarui.puchikarui - WARNING - WARNING: Bad database design detected (Table: Kanji (['ID', 'idseq', 'text'])
2019-09-21 08:11:15,322 - puchikarui.puchikarui - WARNING - WARNING: Bad database design detected (Table: KJI (['kid', 'text'])
2019-09-21 08:11:15,322 - puchikarui.puchikarui - WARNING - WARNING: Bad database design detected (Table: KJP (['kid', 'text'])
2019-09-21 08:11:15,323 - puchikarui.puchikarui - WARNING - WARNING: Bad database design detected (Table: Kana (['ID', 'idseq', 'text', 'nokanji'])
2019-09-21 08:11:15,323 - puchikarui.puchikarui - WARNING - WARNING: Bad database design detected (Table: KNI (['kid', 'text'])
2019-09-21 08:11:15,323 - puchikarui.puchikarui - WARNING - WARNING: Bad database design detected (Table: KNP (['kid', 'text'])
2019-09-21 08:11:15,323 - puchikarui.puchikarui - WARNING - WARNING: Bad database design detected (Table: KNR (['kid', 'text'])
2019-09-21 08:11:15,323 - puchikarui.puchikarui - WARNING - WARNING: Bad database design detected (Table: Sense (['ID', 'idseq'])
2019-09-21 08:11:15,324 - puchikarui.puchikarui - WARNING - WARNING: Bad database design detected (Table: stagk (['sid', 'text'])
2019-09-21 08:11:15,324 - puchikarui.puchikarui - WARNING - WARNING: Bad database design detected (Table: stagr (['sid', 'text'])
2019-09-21 08:11:15,324 - puchikarui.puchikarui - WARNING - WARNING: Bad database design detected (Table: pos (['sid', 'text'])
2019-09-21 08:11:15,324 - puchikarui.puchikarui - WARNING - WARNING: Bad database design detected (Table: xref (['sid', 'text'])
2019-09-21 08:11:15,325 - puchikarui.puchikarui - WARNING - WARNING: Bad database design detected (Table: antonym (['sid', 'text'])
2019-09-21 08:11:15,325 - puchikarui.puchikarui - WARNING - WARNING: Bad database design detected (Table: field (['sid', 'text'])
2019-09-21 08:11:15,326 - puchikarui.puchikarui - WARNING - WARNING: Bad database design detected (Table: misc (['sid', 'text'])
2019-09-21 08:11:15,326 - puchikarui.puchikarui - WARNING - WARNING: Bad database design detected (Table: SenseInfo (['sid', 'text'])
2019-09-21 08:11:15,327 - puchikarui.puchikarui - WARNING - WARNING: Bad database design detected (Table: SenseSource (['sid', 'text', 'lang', 'lstype', 'wasei'])
2019-09-21 08:11:15,328 - puchikarui.puchikarui - WARNING - WARNING: Bad database design detected (Table: dialect (['sid', 'text'])
2019-09-21 08:11:15,328 - puchikarui.puchikarui - WARNING - WARNING: Bad database design detected (Table: SenseGloss (['sid', 'lang', 'gend', 'text'])
2019-09-21 08:11:15,329 - puchikarui.puchikarui - WARNING - WARNING: Bad database design detected (Table: meta (['key', 'value'])
2019-09-21 08:11:15,329 - puchikarui.puchikarui - WARNING - WARNING: Bad database design detected (Table: character (['ID', 'literal', 'stroke_count', 'grade', 'freq', 'jlpt'])
2019-09-21 08:11:15,330 - puchikarui.puchikarui - WARNING - WARNING: Bad database design detected (Table: codepoint (['cid', 'cp_type', 'value'])
2019-09-21 08:11:15,330 - puchikarui.puchikarui - WARNING - WARNING: Bad database design detected (Table: radical (['cid', 'rad_type', 'value'])
2019-09-21 08:11:15,331 - puchikarui.puchikarui - WARNING - WARNING: Bad database design detected (Table: stroke_miscount (['cid', 'value'])
2019-09-21 08:11:15,331 - puchikarui.puchikarui - WARNING - WARNING: Bad database design detected (Table: variant (['cid', 'var_type', 'value'])
2019-09-21 08:11:15,332 - puchikarui.puchikarui - WARNING - WARNING: Bad database design detected (Table: rad_name (['cid', 'value'])
2019-09-21 08:11:15,333 - puchikarui.puchikarui - WARNING - WARNING: Bad database design detected (Table: dic_ref (['cid', 'dr_type', 'value', 'm_vol', 'm_page'])
2019-09-21 08:11:15,333 - puchikarui.puchikarui - WARNING - WARNING: Bad database design detected (Table: query_code (['cid', 'qc_type', 'value', 'skip_misclass'])
2019-09-21 08:11:15,333 - puchikarui.puchikarui - WARNING - WARNING: Bad database design detected (Table: nanori (['cid', 'value'])
2019-09-21 08:11:15,333 - puchikarui.puchikarui - WARNING - WARNING: Bad database design detected (Table: rm_group (['ID', 'cid'])
2019-09-21 08:11:15,334 - puchikarui.puchikarui - WARNING - WARNING: Bad database design detected (Table: reading (['gid', 'r_type', 'value', 'on_type', 'r_status'])
2019-09-21 08:11:15,334 - puchikarui.puchikarui - WARNING - WARNING: Bad database design detected (Table: meaning (['gid', 'value', 'm_lang'])
2019-09-21 09:40:16,793 - puchikarui.puchikarui - WARNING - WARNING: Bad database design detected (Table: meta (['key', 'value'])
2019-09-21 09:40:16,794 - puchikarui.puchikarui - WARNING - WARNING: Bad database design detected (Table: Entry (['idseq'])
2019-09-21 09:40:16,794 - puchikarui.puchikarui - WARNING - WARNING: Bad database design detected (Table: Link (['ID', 'idseq', 'tag', 'desc', 'uri'])
2019-09-21 09:40:16,794 - puchikarui.puchikarui - WARNING - WARNING: Bad database design detected (Table: Bib (['ID', 'idseq', 'tag', 'text'])
2019-09-21 09:40:16,794 - puchikarui.puchikarui - WARNING - WARNING: Bad database design detected (Table: Etym (['idseq', 'text'])
2019-09-21 09:40:16,795 - puchikarui.puchikarui - WARNING - WARNING: Bad database design detected (Table: Audit (['idseq', 'upd_date', 'upd_detl'])
2019-09-21 09:40:16,795 - puchikarui.puchikarui - WARNING - WARNING: Bad database design detected (Table: Kanji (['ID', 'idseq', 'text'])
2019-09-21 09:40:16,795 - puchikarui.puchikarui - WARNING - WARNING: Bad database design detected (Table: KJI (['kid', 'text'])
2019-09-21 09:40:16,795 - puchikarui.puchikarui - WARNING - WARNING: Bad database design detected (Table: KJP (['kid', 'text'])
2019-09-21 09:40:16,796 - puchikarui.puchikarui - WARNING - WARNING: Bad database design detected (Table: Kana (['ID', 'idseq', 'text', 'nokanji'])
2019-09-21 09:40:16,796 - puchikarui.puchikarui - WARNING - WARNING: Bad database design detected (Table: KNI (['kid', 'text'])
2019-09-21 09:40:16,796 - puchikarui.puchikarui - WARNING - WARNING: Bad database design detected (Table: KNP (['kid', 'text'])
2019-09-21 09:40:16,796 - puchikarui.puchikarui - WARNING - WARNING: Bad database design detected (Table: KNR (['kid', 'text'])
2019-09-21 09:40:16,796 - puchikarui.puchikarui - WARNING - WARNING: Bad database design detected (Table: Sense (['ID', 'idseq'])
2019-09-21 09:40:16,797 - puchikarui.puchikarui - WARNING - WARNING: Bad database design detected (Table: stagk (['sid', 'text'])
2019-09-21 09:40:16,797 - puchikarui.puchikarui - WARNING - WARNING: Bad database design detected (Table: stagr (['sid', 'text'])
2019-09-21 09:40:16,797 - puchikarui.puchikarui - WARNING - WARNING: Bad database design detected (Table: pos (['sid', 'text'])
2019-09-21 09:40:16,797 - puchikarui.puchikarui - WARNING - WARNING: Bad database design detected (Table: xref (['sid', 'text'])
2019-09-21 09:40:16,797 - puchikarui.puchikarui - WARNING - WARNING: Bad database design detected (Table: antonym (['sid', 'text'])
2019-09-21 09:40:16,798 - puchikarui.puchikarui - WARNING - WARNING: Bad database design detected (Table: field (['sid', 'text'])
2019-09-21 09:40:16,798 - puchikarui.puchikarui - WARNING - WARNING: Bad database design detected (Table: misc (['sid', 'text'])
2019-09-21 09:40:16,798 - puchikarui.puchikarui - WARNING - WARNING: Bad database design detected (Table: SenseInfo (['sid', 'text'])
2019-09-21 09:40:16,798 - puchikarui.puchikarui - WARNING - WARNING: Bad database design detected (Table: SenseSource (['sid', 'text', 'lang', 'lstype', 'wasei'])
2019-09-21 09:40:16,798 - puchikarui.puchikarui - WARNING - WARNING: Bad database design detected (Table: dialect (['sid', 'text'])
2019-09-21 09:40:16,799 - puchikarui.puchikarui - WARNING - WARNING: Bad database design detected (Table: SenseGloss (['sid', 'lang', 'gend', 'text'])
2019-09-21 09:40:16,799 - puchikarui.puchikarui - WARNING - WARNING: Bad database design detected (Table: meta (['key', 'value'])
2019-09-21 09:40:16,799 - puchikarui.puchikarui - WARNING - WARNING: Bad database design detected (Table: character (['ID', 'literal', 'stroke_count', 'grade', 'freq', 'jlpt'])
2019-09-21 09:40:16,799 - puchikarui.puchikarui - WARNING - WARNING: Bad database design detected (Table: codepoint (['cid', 'cp_type', 'value'])
2019-09-21 09:40:16,799 - puchikarui.puchikarui - WARNING - WARNING: Bad database design detected (Table: radical (['cid', 'rad_type', 'value'])
2019-09-21 09:40:16,800 - puchikarui.puchikarui - WARNING - WARNING: Bad database design detected (Table: stroke_miscount (['cid', 'value'])
2019-09-21 09:40:16,800 - puchikarui.puchikarui - WARNING - WARNING: Bad database design detected (Table: variant (['cid', 'var_type', 'value'])
2019-09-21 09:40:16,800 - puchikarui.puchikarui - WARNING - WARNING: Bad database design detected (Table: rad_name (['cid', 'value'])
2019-09-21 09:40:16,800 - puchikarui.puchikarui - WARNING - WARNING: Bad database design detected (Table: dic_ref (['cid', 'dr_type', 'value', 'm_vol', 'm_page'])
2019-09-21 09:40:16,800 - puchikarui.puchikarui - WARNING - WARNING: Bad database design detected (Table: query_code (['cid', 'qc_type', 'value', 'skip_misclass'])
2019-09-21 09:40:16,801 - puchikarui.puchikarui - WARNING - WARNING: Bad database design detected (Table: nanori (['cid', 'value'])
2019-09-21 09:40:16,801 - puchikarui.puchikarui - WARNING - WARNING: Bad database design detected (Table: rm_group (['ID', 'cid'])
2019-09-21 09:40:16,801 - puchikarui.puchikarui - WARNING - WARNING: Bad database design detected (Table: reading (['gid', 'r_type', 'value', 'on_type', 'r_status'])
2019-09-21 09:40:16,801 - puchikarui.puchikarui - WARNING - WARNING: Bad database design detected (Table: meaning (['gid', 'value', 'm_lang'])
